-------------------------------------------------------------------------------
Test set: com.betrybe.museumfinder.solution.CollectionServiceTest
-------------------------------------------------------------------------------
Tests run: 1, Failures: 1, Errors: 0, Skipped: 0, Time elapsed: 0.247 s <<< FAILURE! - in null
com.betrybe.museumfinder.solution.CollectionServiceTest.testCountByCollectionTypesService  Time elapsed: 0.008 s  <<< FAILURE!
java.lang.AssertionError: Status expected:<200> but was:<500>
	at com.betrybe.museumfinder.solution.CollectionServiceTest.testCountByCollectionTypesService(CollectionServiceTest.java:39)

